Flow report for HD6309_ph0_top
Sun Apr 25 15:57:00 2021
Quartus Prime Version 18.1.0 Build 625 09/12/2018 SJ Lite Edition


---------------------
; Table of Contents ;
---------------------
  1. Legal Notice
  2. Flow Summary
  3. Flow Settings
  4. Flow Non-Default Global Settings
  5. Flow Elapsed Time
  6. Flow OS Summary
  7. Flow Log
  8. Flow Messages
  9. Flow Suppressed Messages



----------------
; Legal Notice ;
----------------
Copyright (C) 2018  Intel Corporation. All rights reserved.
Your use of Intel Corporation's design tools, logic functions 
and other software and tools, and its AMPP partner logic 
functions, and any output files from any of the foregoing 
(including device programming or simulation files), and any 
associated documentation or information are expressly subject 
to the terms and conditions of the Intel Program License 
Subscription Agreement, the Intel Quartus Prime License Agreement,
the Intel FPGA IP License Agreement, or other applicable license
agreement, including, without limitation, that your use is for
the sole purpose of programming logic devices manufactured by
Intel and sold by Intel or its authorized distributors.  Please
refer to the applicable agreement for further details.



+----------------------------------------------------------------------------------+
; Flow Summary                                                                     ;
+------------------------------------+---------------------------------------------+
; Flow Status                        ; Successful - Sun Apr 25 15:57:00 2021       ;
; Quartus Prime Version              ; 18.1.0 Build 625 09/12/2018 SJ Lite Edition ;
; Revision Name                      ; HD6309_ph0_top                              ;
; Top-level Entity Name              ; HD6309_ph0_top                              ;
; Family                             ; MAX 10                                      ;
; Device                             ; 10M08SCU169A7G                              ;
; Timing Models                      ; Final                                       ;
; Total logic elements               ; 89 / 8,064 ( 1 % )                          ;
;     Total combinational functions  ; 82 / 8,064 ( 1 % )                          ;
;     Dedicated logic registers      ; 56 / 8,064 ( < 1 % )                        ;
; Total registers                    ; 56                                          ;
; Total pins                         ; 91 / 130 ( 70 % )                           ;
; Total virtual pins                 ; 0                                           ;
; Total memory bits                  ; 0 / 387,072 ( 0 % )                         ;
; Embedded Multiplier 9-bit elements ; 0 / 48 ( 0 % )                              ;
; Total PLLs                         ; 0 / 1 ( 0 % )                               ;
; UFM blocks                         ; 0 / 1 ( 0 % )                               ;
; ADC blocks                         ; 0                                           ;
+------------------------------------+---------------------------------------------+


+-----------------------------------------+
; Flow Settings                           ;
+-------------------+---------------------+
; Option            ; Setting             ;
+-------------------+---------------------+
; Start date & time ; 04/25/2021 15:55:27 ;
; Main task         ; Compilation         ;
; Revision Name     ; HD6309_ph0_top      ;
+-------------------+---------------------+


+-------------------------------------------------------------------------------------------------------------------------+
; Flow Non-Default Global Settings                                                                                        ;
+-------------------------------------+----------------------------------------+---------------+-------------+------------+
; Assignment Name                     ; Value                                  ; Default Value ; Entity Name ; Section Id ;
+-------------------------------------+----------------------------------------+---------------+-------------+------------+
; COMPILER_SIGNATURE_ID               ; 77537056329688.161938052703548         ; --            ; --          ; --         ;
; FLOW_ENABLE_POWER_ANALYZER          ; On                                     ; Off           ; --          ; --         ;
; MAX_CORE_JUNCTION_TEMP              ; 125                                    ; --            ; --          ; --         ;
; MIN_CORE_JUNCTION_TEMP              ; -40                                    ; --            ; --          ; --         ;
; PARTITION_COLOR                     ; -- (Not supported for targeted family) ; --            ; --          ; Top        ;
; PARTITION_FITTER_PRESERVATION_LEVEL ; -- (Not supported for targeted family) ; --            ; --          ; Top        ;
; PARTITION_NETLIST_TYPE              ; -- (Not supported for targeted family) ; --            ; --          ; Top        ;
; POWER_BOARD_THERMAL_MODEL           ; None (CONSERVATIVE)                    ; --            ; --          ; --         ;
; POWER_DEFAULT_INPUT_IO_TOGGLE_RATE  ; 12.5 %                                 ; 12.5%         ; --          ; --         ;
; POWER_PRESET_COOLING_SOLUTION       ; 23 MM HEAT SINK WITH 200 LFPM AIRFLOW  ; --            ; --          ; --         ;
; PROJECT_OUTPUT_DIRECTORY            ; output_files                           ; --            ; --          ; --         ;
+-------------------------------------+----------------------------------------+---------------+-------------+------------+


+-----------------------------------------------------------------------------------------------------------------------------+
; Flow Elapsed Time                                                                                                           ;
+-------------------------+--------------+-------------------------+---------------------+------------------------------------+
; Module Name             ; Elapsed Time ; Average Processors Used ; Peak Virtual Memory ; Total CPU Time (on all processors) ;
+-------------------------+--------------+-------------------------+---------------------+------------------------------------+
; Analysis & Synthesis    ; 00:00:14     ; 1.0                     ; 650 MB              ; 00:00:30                           ;
; Fitter                  ; 00:00:10     ; 1.0                     ; 1098 MB             ; 00:00:10                           ;
; Assembler               ; 00:00:02     ; 1.0                     ; 536 MB              ; 00:00:01                           ;
; Power Analyzer          ; 00:00:03     ; 1.0                     ; 637 MB              ; 00:00:03                           ;
; Timing Analyzer         ; 00:00:03     ; 1.0                     ; 615 MB              ; 00:00:03                           ;
; I/O Assignment Analysis ; 00:00:02     ; 1.0                     ; 726 MB              ; 00:00:02                           ;
; Total                   ; 00:00:34     ; --                      ; --                  ; 00:00:49                           ;
+-------------------------+--------------+-------------------------+---------------------+------------------------------------+


+--------------------------------------------------------------------------------------+
; Flow OS Summary                                                                      ;
+-------------------------+------------------+-----------+------------+----------------+
; Module Name             ; Machine Hostname ; OS Name   ; OS Version ; Processor type ;
+-------------------------+------------------+-----------+------------+----------------+
; Analysis & Synthesis    ; IFX-radar-HP     ; Windows 7 ; 6.1        ; x86_64         ;
; Fitter                  ; IFX-radar-HP     ; Windows 7 ; 6.1        ; x86_64         ;
; Assembler               ; IFX-radar-HP     ; Windows 7 ; 6.1        ; x86_64         ;
; Power Analyzer          ; IFX-radar-HP     ; Windows 7 ; 6.1        ; x86_64         ;
; Timing Analyzer         ; IFX-radar-HP     ; Windows 7 ; 6.1        ; x86_64         ;
; I/O Assignment Analysis ; IFX-radar-HP     ; Windows 7 ; 6.1        ; x86_64         ;
+-------------------------+------------------+-----------+------------+----------------+


------------
; Flow Log ;
------------
quartus_map --read_settings_files=on --write_settings_files=off hd6309_test_ph0 -c HD6309_ph0_top
quartus_fit --read_settings_files=off --write_settings_files=off hd6309_test_ph0 -c HD6309_ph0_top
quartus_asm --read_settings_files=off --write_settings_files=off hd6309_test_ph0 -c HD6309_ph0_top
quartus_pow --read_settings_files=off --write_settings_files=off hd6309_test_ph0 -c HD6309_ph0_top
quartus_sta hd6309_test_ph0 -c HD6309_ph0_top
quartus_fit --read_settings_files=on --write_settings_files=off hd6309_test_ph0 -c HD6309_ph0_top --plan



